Hmm ... looks like a package

This is pdfTeX, Version 3.14159265-2.6-1.40.17 (TeX Live 2016) (preloaded format=pdflatex)
 restricted \write18 enabled.
entering extended mode
LaTeX2e <2016/03/31>
Babel <3.9r> and hyphenation patterns for 83 language(s) loaded.
(./Rd2.tex
(/usr/local/texlive/2016/texmf-dist/tex/latex/base/book.cls
Document Class: book 2014/09/29 v1.4h Standard LaTeX document class
(/usr/local/texlive/2016/texmf-dist/tex/latex/base/bk10.clo))
(/usr/local/Cellar/r/3.3.2/R.framework/Resources/share/texmf/tex/latex/Rd.sty
(/usr/local/texlive/2016/texmf-dist/tex/latex/base/ifthen.sty)
(/usr/local/texlive/2016/texmf-dist/tex/latex/tools/longtable.sty)
(/usr/local/texlive/2016/texmf-dist/tex/latex/tools/bm.sty)
(/usr/local/texlive/2016/texmf-dist/tex/latex/base/alltt.sty)
(/usr/local/texlive/2016/texmf-dist/tex/latex/tools/verbatim.sty)
(/usr/local/texlive/2016/texmf-dist/tex/latex/url/url.sty)
(/usr/local/texlive/2016/texmf-dist/tex/latex/base/textcomp.sty
(/usr/local/texlive/2016/texmf-dist/tex/latex/base/ts1enc.def))
(/usr/local/texlive/2016/texmf-dist/tex/latex/base/fontenc.sty
(/usr/local/texlive/2016/texmf-dist/tex/latex/base/t1enc.def))
(/usr/local/texlive/2016/texmf-dist/tex/latex/psnfss/times.sty)
(/usr/local/texlive/2016/texmf-dist/tex/latex/inconsolata/zi4.sty
`inconsolata-zi4' v1.10, 2016/02/22 Text macros for Inconsolata (msharpe)
(/usr/local/texlive/2016/texmf-dist/tex/latex/graphics/keyval.sty))
(/usr/local/texlive/2016/texmf-dist/tex/latex/graphics/color.sty
(/usr/local/texlive/2016/texmf-dist/tex/latex/graphics-cfg/color.cfg)
(/usr/local/texlive/2016/texmf-dist/tex/latex/pdftex-def/pdftex.def
(/usr/local/texlive/2016/texmf-dist/tex/generic/oberdiek/infwarerr.sty)
(/usr/local/texlive/2016/texmf-dist/tex/generic/oberdiek/ltxcmds.sty)))
(/usr/local/texlive/2016/texmf-dist/tex/latex/hyperref/hyperref.sty
(/usr/local/texlive/2016/texmf-dist/tex/generic/oberdiek/hobsub-hyperref.sty
(/usr/local/texlive/2016/texmf-dist/tex/generic/oberdiek/hobsub-generic.sty))
(/usr/local/texlive/2016/texmf-dist/tex/generic/ifxetex/ifxetex.sty)
(/usr/local/texlive/2016/texmf-dist/tex/latex/oberdiek/auxhook.sty)
(/usr/local/texlive/2016/texmf-dist/tex/latex/oberdiek/kvoptions.sty)
(/usr/local/texlive/2016/texmf-dist/tex/latex/hyperref/pd1enc.def)
(/usr/local/texlive/2016/texmf-dist/tex/latex/latexconfig/hyperref.cfg))

Package hyperref Message: Driver (autodetected): hpdftex.

(/usr/local/texlive/2016/texmf-dist/tex/latex/hyperref/hpdftex.def
(/usr/local/texlive/2016/texmf-dist/tex/latex/oberdiek/rerunfilecheck.sty))

Package hyperref Warning: Option `hyperindex' has already been used,
(hyperref)                setting the option has no effect on input line 366.


Package hyperref Warning: Option `pagebackref' has already been used,
(hyperref)                setting the option has no effect on input line 366.

) (/usr/local/texlive/2016/texmf-dist/tex/latex/base/makeidx.sty)
(/usr/local/texlive/2016/texmf-dist/tex/latex/base/inputenc.sty
(/usr/local/texlive/2016/texmf-dist/tex/latex/base/utf8.def
(/usr/local/texlive/2016/texmf-dist/tex/latex/base/t1enc.dfu)
(/usr/local/texlive/2016/texmf-dist/tex/latex/base/ot1enc.dfu)
(/usr/local/texlive/2016/texmf-dist/tex/latex/base/omsenc.dfu)
(/usr/local/texlive/2016/texmf-dist/tex/latex/base/ts1enc.dfu)))
Writing index file Rd2.idx
No file Rd2.aux.
(/usr/local/texlive/2016/texmf-dist/tex/latex/base/ts1cmr.fd)
(/usr/local/texlive/2016/texmf-dist/tex/latex/psnfss/t1ptm.fd)
(/usr/local/texlive/2016/texmf-dist/tex/context/base/mkii/supp-pdf.mkii
[Loading MPS to PDF converter (version 2006.09.02).]
) (/usr/local/texlive/2016/texmf-dist/tex/latex/hyperref/nameref.sty
(/usr/local/texlive/2016/texmf-dist/tex/generic/oberdiek/gettitlestring.sty))
(/usr/local/texlive/2016/texmf-dist/tex/latex/base/utf8.def)
(/usr/local/texlive/2016/texmf-dist/tex/latex/inconsolata/t1zi4.fd)
(/usr/local/texlive/2016/texmf-dist/tex/latex/psnfss/ts1ptm.fd)
(/usr/local/texlive/2016/texmf-dist/tex/latex/psnfss/t1phv.fd)
(/usr/local/texlive/2016/texmf-dist/tex/latex/base/utf8.def) [1{/usr/local/texl
ive/2016/texmf-var/fonts/map/pdftex/updmap/pdftex.map}]
(/usr/local/texlive/2016/texmf-dist/tex/latex/base/utf8.def) [2]
(/usr/local/texlive/2016/texmf-dist/tex/latex/base/utf8.def) [3]
(/usr/local/texlive/2016/texmf-dist/tex/latex/base/utf8.def) [4]
(/usr/local/texlive/2016/texmf-dist/tex/latex/base/utf8.def)
(/usr/local/texlive/2016/texmf-dist/tex/latex/base/utf8.def) [5]
(/usr/local/texlive/2016/texmf-dist/tex/latex/base/utf8.def) [6]
(/usr/local/texlive/2016/texmf-dist/tex/latex/base/utf8.def) [7]
(/usr/local/texlive/2016/texmf-dist/tex/latex/base/utf8.def) [8]
(/usr/local/texlive/2016/texmf-dist/tex/latex/base/utf8.def)
(/usr/local/texlive/2016/texmf-dist/tex/latex/base/utf8.def) [9]
(/usr/local/texlive/2016/texmf-dist/tex/latex/base/utf8.def) [10]
(/usr/local/texlive/2016/texmf-dist/tex/latex/base/utf8.def) [11]
(/usr/local/texlive/2016/texmf-dist/tex/latex/base/utf8.def) [12]
(/usr/local/texlive/2016/texmf-dist/tex/latex/base/utf8.def)
Overfull \hbox (15.32799pt too wide) in paragraph at lines 785--787
[]\T1/ptm/m/n/10 (vector num-ber of genes) Gene-wise neg-a-tive bi-no-mial dis-
per-sion hyper-parameters. 

Overfull \hbox (16.35667pt too wide) in paragraph at lines 834--836
[]\T1/ptm/m/n/10 scaDispParam (scalar) Dis-per-sion pa-ram-e-ter es-ti-mate use
d in fit-ting (hyper-parameter). 
[13]
Overfull \hbox (16.35667pt too wide) in paragraph at lines 852--854
[]\T1/ptm/m/n/10 scaDispParam (scalar) Dis-per-sion pa-ram-e-ter es-ti-mate use
d in fit-ting (hyper-parameter). 
(/usr/local/texlive/2016/texmf-dist/tex/latex/base/utf8.def) [14] [15]
(/usr/local/texlive/2016/texmf-dist/tex/latex/base/utf8.def) [16]
(/usr/local/texlive/2016/texmf-dist/tex/latex/base/utf8.def) [17]
(/usr/local/texlive/2016/texmf-dist/tex/latex/base/utf8.def) [18]
Overfull \hbox (16.35667pt too wide) in paragraph at lines 1305--1307
[]\T1/ptm/m/n/10 scaDispParam (scalar) Dis-per-sion pa-ram-e-ter es-ti-mate use
d in fit-ting (hyper-parameter). 

Overfull \hbox (16.35667pt too wide) in paragraph at lines 1323--1325
[]\T1/ptm/m/n/10 scaDispParam (scalar) Dis-per-sion pa-ram-e-ter es-ti-mate use
d in fit-ting (hyper-parameter). 
[19] (/usr/local/texlive/2016/texmf-dist/tex/latex/base/utf8.def) [20]
(/usr/local/texlive/2016/texmf-dist/tex/latex/base/utf8.def) [21]
(/usr/local/texlive/2016/texmf-dist/tex/latex/base/utf8.def) [22] [23]
Overfull \hbox (16.35667pt too wide) in paragraph at lines 1656--1658
[]\T1/ptm/m/n/10 scaDispParam (scalar) Dis-per-sion pa-ram-e-ter es-ti-mate use
d in fit-ting (hyper-parameter). 
[24] (/usr/local/texlive/2016/texmf-dist/tex/latex/inconsolata/ts1zi4.fd)
(/usr/local/texlive/2016/texmf-dist/tex/latex/base/utf8.def) [25]
(/usr/local/texlive/2016/texmf-dist/tex/latex/base/utf8.def) [26]
(/usr/local/texlive/2016/texmf-dist/tex/latex/base/utf8.def) [27] [28]
Overfull \hbox (4.6169pt too wide) in paragraph at lines 2029--2031
[]\T1/ptm/m/n/10 scaLL (scalar) Log-like-li-hood of data un-der max-i-mum like-
li-hood es-ti-ma-tor model. 

Overfull \hbox (4.6169pt too wide) in paragraph at lines 2047--2049
[]\T1/ptm/m/n/10 scaLL (scalar) Log-like-li-hood of data un-der max-i-mum like-
li-hood es-ti-ma-tor model. 

Overfull \hbox (4.6169pt too wide) in paragraph at lines 2069--2071
[]\T1/ptm/m/n/10 scaLL (scalar) Log-like-li-hood of data un-der max-i-mum like-
li-hood es-ti-ma-tor model. 
[29]
Overfull \hbox (0.34769pt too wide) in paragraph at lines 2098--2101
[]\T1/ptm/m/n/10 (numeric vec-tor num-ber of sam-ples) Model scal-ing fac-tors 
for each sam-ple which

Overfull \hbox (1.74745pt too wide) in paragraph at lines 2102--2105
[]\T1/ptm/m/n/10 (bool) Whether to per-form case-control anal-y-sis. Does case-
only anal-y-sis if FALSE. 
(/usr/local/texlive/2016/texmf-dist/tex/latex/base/utf8.def)
Overfull \hbox (19.34648pt too wide) in paragraph at lines 2134--2137
[]\T1/ptm/m/n/10 Allow us-age of Im-pulseDE2 ouput ob-ject like a list with re-
spect to the core out-put: dfIm-pulseDE2Results
[30] (/usr/local/texlive/2016/texmf-dist/tex/latex/base/utf8.def) [31] [32]
(/usr/local/texlive/2016/texmf-dist/tex/latex/base/utf8.def)
Overfull \hbox (9.63728pt too wide) in paragraph at lines 2323--2325
[]\T1/ptm/m/n/10 (instance of class Im-pulseDE2Object) Im-pulseDE2 out-put ob-j
ect to cre-ate heatmap

Overfull \hbox (9.83716pt too wide) in paragraph at lines 2334--2337
[]\T1/ptm/m/n/10 (scalar) FDR-corrected p-value thresh-old for call-ing dif-fer
-en-tially ex-pressed genes:
[33] (/usr/local/texlive/2016/texmf-dist/tex/latex/base/utf8.def) [34]
(/usr/local/texlive/2016/texmf-dist/tex/latex/base/utf8.def) [35] [36]
(/usr/local/texlive/2016/texmf-dist/tex/latex/base/utf8.def) [37]
(/usr/local/texlive/2016/texmf-dist/tex/latex/base/utf8.def) [38] [39] [40]
(/usr/local/texlive/2016/texmf-dist/tex/latex/base/utf8.def) [41] [42]
(/usr/local/texlive/2016/texmf-dist/tex/latex/base/utf8.def) [43] [44] [45]
(/usr/local/texlive/2016/texmf-dist/tex/latex/base/utf8.def)
No file Rd2.ind.
[46] [47]
(/private/var/folders/kp/ddqt86px3y14x_p0n0nrmdw00000gn/T/RtmpheTWP7/Rd2pdf1f82
7dee99fb/Rd2.aux)

Package rerunfilecheck Warning: File `Rd2.out' has changed.
(rerunfilecheck)                Rerun to get outlines right
(rerunfilecheck)                or use package `bookmark'.

 )
(see the transcript file for additional information)pdfTeX warning (dest): name
{Rfn.dnbinom} has been referenced but does not exist, replaced by a fixed one

pdfTeX warning (dest): name{Rfn.optim} has been referenced but does not exist, 
replaced by a fixed one

{/usr/local/texlive/2016/texmf-dist/fonts/enc/dvips/inconsolata/i4-ts1.enc}{/us
r/local/texlive/2016/texmf-dist/fonts/enc/dvips/base/8r.enc}{/usr/local/texlive
/2016/texmf-dist/fonts/enc/dvips/inconsolata/i4-t1-0.enc}</usr/local/texlive/20
16/texmf-dist/fonts/type1/public/inconsolata/Inconsolata-zi4r.pfb></usr/local/t
exlive/2016/texmf-dist/fonts/type1/urw/helvetic/uhvr8a.pfb></usr/local/texlive/
2016/texmf-dist/fonts/type1/urw/times/utmb8a.pfb></usr/local/texlive/2016/texmf
-dist/fonts/type1/urw/times/utmr8a.pfb></usr/local/texlive/2016/texmf-dist/font
s/type1/urw/times/utmr8a.pfb></usr/local/texlive/2016/texmf-dist/fonts/type1/ur
w/times/utmri8a.pfb>
Output written on Rd2.pdf (47 pages, 176446 bytes).
Transcript written on Rd2.log.
This is pdfTeX, Version 3.14159265-2.6-1.40.17 (TeX Live 2016) (preloaded format=pdflatex)
 restricted \write18 enabled.
entering extended mode
LaTeX2e <2016/03/31>
Babel <3.9r> and hyphenation patterns for 83 language(s) loaded.
(./Rd2.tex
(/usr/local/texlive/2016/texmf-dist/tex/latex/base/book.cls
Document Class: book 2014/09/29 v1.4h Standard LaTeX document class
(/usr/local/texlive/2016/texmf-dist/tex/latex/base/bk10.clo))
(/usr/local/Cellar/r/3.3.2/R.framework/Resources/share/texmf/tex/latex/Rd.sty
(/usr/local/texlive/2016/texmf-dist/tex/latex/base/ifthen.sty)
(/usr/local/texlive/2016/texmf-dist/tex/latex/tools/longtable.sty)
(/usr/local/texlive/2016/texmf-dist/tex/latex/tools/bm.sty)
(/usr/local/texlive/2016/texmf-dist/tex/latex/base/alltt.sty)
(/usr/local/texlive/2016/texmf-dist/tex/latex/tools/verbatim.sty)
(/usr/local/texlive/2016/texmf-dist/tex/latex/url/url.sty)
(/usr/local/texlive/2016/texmf-dist/tex/latex/base/textcomp.sty
(/usr/local/texlive/2016/texmf-dist/tex/latex/base/ts1enc.def))
(/usr/local/texlive/2016/texmf-dist/tex/latex/base/fontenc.sty
(/usr/local/texlive/2016/texmf-dist/tex/latex/base/t1enc.def))
(/usr/local/texlive/2016/texmf-dist/tex/latex/psnfss/times.sty)
(/usr/local/texlive/2016/texmf-dist/tex/latex/inconsolata/zi4.sty
`inconsolata-zi4' v1.10, 2016/02/22 Text macros for Inconsolata (msharpe)
(/usr/local/texlive/2016/texmf-dist/tex/latex/graphics/keyval.sty))
(/usr/local/texlive/2016/texmf-dist/tex/latex/graphics/color.sty
(/usr/local/texlive/2016/texmf-dist/tex/latex/graphics-cfg/color.cfg)
(/usr/local/texlive/2016/texmf-dist/tex/latex/pdftex-def/pdftex.def
(/usr/local/texlive/2016/texmf-dist/tex/generic/oberdiek/infwarerr.sty)
(/usr/local/texlive/2016/texmf-dist/tex/generic/oberdiek/ltxcmds.sty)))
(/usr/local/texlive/2016/texmf-dist/tex/latex/hyperref/hyperref.sty
(/usr/local/texlive/2016/texmf-dist/tex/generic/oberdiek/hobsub-hyperref.sty
(/usr/local/texlive/2016/texmf-dist/tex/generic/oberdiek/hobsub-generic.sty))
(/usr/local/texlive/2016/texmf-dist/tex/generic/ifxetex/ifxetex.sty)
(/usr/local/texlive/2016/texmf-dist/tex/latex/oberdiek/auxhook.sty)
(/usr/local/texlive/2016/texmf-dist/tex/latex/oberdiek/kvoptions.sty)
(/usr/local/texlive/2016/texmf-dist/tex/latex/hyperref/pd1enc.def)
(/usr/local/texlive/2016/texmf-dist/tex/latex/latexconfig/hyperref.cfg))

Package hyperref Message: Driver (autodetected): hpdftex.

(/usr/local/texlive/2016/texmf-dist/tex/latex/hyperref/hpdftex.def
(/usr/local/texlive/2016/texmf-dist/tex/latex/oberdiek/rerunfilecheck.sty))

Package hyperref Warning: Option `hyperindex' has already been used,
(hyperref)                setting the option has no effect on input line 366.


Package hyperref Warning: Option `pagebackref' has already been used,
(hyperref)                setting the option has no effect on input line 366.

) (/usr/local/texlive/2016/texmf-dist/tex/latex/base/makeidx.sty)
(/usr/local/texlive/2016/texmf-dist/tex/latex/base/inputenc.sty
(/usr/local/texlive/2016/texmf-dist/tex/latex/base/utf8.def
(/usr/local/texlive/2016/texmf-dist/tex/latex/base/t1enc.dfu)
(/usr/local/texlive/2016/texmf-dist/tex/latex/base/ot1enc.dfu)
(/usr/local/texlive/2016/texmf-dist/tex/latex/base/omsenc.dfu)
(/usr/local/texlive/2016/texmf-dist/tex/latex/base/ts1enc.dfu)))
Writing index file Rd2.idx

(/private/var/folders/kp/ddqt86px3y14x_p0n0nrmdw00000gn/T/RtmpheTWP7/Rd2pdf1f82
7dee99fb/Rd2.aux) (/usr/local/texlive/2016/texmf-dist/tex/latex/base/ts1cmr.fd)
(/usr/local/texlive/2016/texmf-dist/tex/latex/psnfss/t1ptm.fd)
(/usr/local/texlive/2016/texmf-dist/tex/context/base/mkii/supp-pdf.mkii
[Loading MPS to PDF converter (version 2006.09.02).]
) (/usr/local/texlive/2016/texmf-dist/tex/latex/hyperref/nameref.sty
(/usr/local/texlive/2016/texmf-dist/tex/generic/oberdiek/gettitlestring.sty))
(/private/var/folders/kp/ddqt86px3y14x_p0n0nrmdw00000gn/T/RtmpheTWP7/Rd2pdf1f82
7dee99fb/Rd2.out)
(/private/var/folders/kp/ddqt86px3y14x_p0n0nrmdw00000gn/T/RtmpheTWP7/Rd2pdf1f82
7dee99fb/Rd2.out) (/usr/local/texlive/2016/texmf-dist/tex/latex/base/utf8.def)
(/usr/local/texlive/2016/texmf-dist/tex/latex/inconsolata/t1zi4.fd)
(/usr/local/texlive/2016/texmf-dist/tex/latex/psnfss/ts1ptm.fd)
(/usr/local/texlive/2016/texmf-dist/tex/latex/psnfss/t1phv.fd)
(/private/var/folders/kp/ddqt86px3y14x_p0n0nrmdw00000gn/T/RtmpheTWP7/Rd2pdf1f82
7dee99fb/Rd2.toc [1{/usr/local/texlive/2016/texmf-var/fonts/map/pdftex/updmap/p
dftex.map}]) (/usr/local/texlive/2016/texmf-dist/tex/latex/base/utf8.def)
[2] (/usr/local/texlive/2016/texmf-dist/tex/latex/base/utf8.def) [3]
(/usr/local/texlive/2016/texmf-dist/tex/latex/base/utf8.def) [4]
(/usr/local/texlive/2016/texmf-dist/tex/latex/base/utf8.def)
(/usr/local/texlive/2016/texmf-dist/tex/latex/base/utf8.def) [5]
(/usr/local/texlive/2016/texmf-dist/tex/latex/base/utf8.def) [6]
(/usr/local/texlive/2016/texmf-dist/tex/latex/base/utf8.def) [7]
(/usr/local/texlive/2016/texmf-dist/tex/latex/base/utf8.def)
(/usr/local/texlive/2016/texmf-dist/tex/latex/base/utf8.def) [8]
(/usr/local/texlive/2016/texmf-dist/tex/latex/base/utf8.def) [9]
(/usr/local/texlive/2016/texmf-dist/tex/latex/base/utf8.def) [10]
(/usr/local/texlive/2016/texmf-dist/tex/latex/base/utf8.def) [11]
(/usr/local/texlive/2016/texmf-dist/tex/latex/base/utf8.def) [12]
(/usr/local/texlive/2016/texmf-dist/tex/latex/base/utf8.def)
(/usr/local/texlive/2016/texmf-dist/tex/latex/base/utf8.def) [13]
Overfull \hbox (15.32799pt too wide) in paragraph at lines 785--787
[]\T1/ptm/m/n/10 (vector num-ber of genes) Gene-wise neg-a-tive bi-no-mial dis-
per-sion hyper-parameters. 

Overfull \hbox (16.35667pt too wide) in paragraph at lines 834--836
[]\T1/ptm/m/n/10 scaDispParam (scalar) Dis-per-sion pa-ram-e-ter es-ti-mate use
d in fit-ting (hyper-parameter). 

Overfull \hbox (16.35667pt too wide) in paragraph at lines 852--854
[]\T1/ptm/m/n/10 scaDispParam (scalar) Dis-per-sion pa-ram-e-ter es-ti-mate use
d in fit-ting (hyper-parameter). 
[14] (/usr/local/texlive/2016/texmf-dist/tex/latex/base/utf8.def) [15]
(/usr/local/texlive/2016/texmf-dist/tex/latex/base/utf8.def) [16]
(/usr/local/texlive/2016/texmf-dist/tex/latex/base/utf8.def) [17] [18]
(/usr/local/texlive/2016/texmf-dist/tex/latex/base/utf8.def) [19]
Overfull \hbox (16.35667pt too wide) in paragraph at lines 1305--1307
[]\T1/ptm/m/n/10 scaDispParam (scalar) Dis-per-sion pa-ram-e-ter es-ti-mate use
d in fit-ting (hyper-parameter). 

Overfull \hbox (16.35667pt too wide) in paragraph at lines 1323--1325
[]\T1/ptm/m/n/10 scaDispParam (scalar) Dis-per-sion pa-ram-e-ter es-ti-mate use
d in fit-ting (hyper-parameter). 
(/usr/local/texlive/2016/texmf-dist/tex/latex/base/utf8.def) [20]
(/usr/local/texlive/2016/texmf-dist/tex/latex/base/utf8.def) [21] [22]
(/usr/local/texlive/2016/texmf-dist/tex/latex/base/utf8.def) [23]
Overfull \hbox (16.35667pt too wide) in paragraph at lines 1656--1658
[]\T1/ptm/m/n/10 scaDispParam (scalar) Dis-per-sion pa-ram-e-ter es-ti-mate use
d in fit-ting (hyper-parameter). 
[24] (/usr/local/texlive/2016/texmf-dist/tex/latex/inconsolata/ts1zi4.fd)
(/usr/local/texlive/2016/texmf-dist/tex/latex/base/utf8.def) [25]
(/usr/local/texlive/2016/texmf-dist/tex/latex/base/utf8.def) [26] [27]
(/usr/local/texlive/2016/texmf-dist/tex/latex/base/utf8.def) [28] [29]
Overfull \hbox (4.6169pt too wide) in paragraph at lines 2029--2031
[]\T1/ptm/m/n/10 scaLL (scalar) Log-like-li-hood of data un-der max-i-mum like-
li-hood es-ti-ma-tor model. 

Overfull \hbox (4.6169pt too wide) in paragraph at lines 2047--2049
[]\T1/ptm/m/n/10 scaLL (scalar) Log-like-li-hood of data un-der max-i-mum like-
li-hood es-ti-ma-tor model. 

Overfull \hbox (4.6169pt too wide) in paragraph at lines 2069--2071
[]\T1/ptm/m/n/10 scaLL (scalar) Log-like-li-hood of data un-der max-i-mum like-
li-hood es-ti-ma-tor model. 

Overfull \hbox (0.34769pt too wide) in paragraph at lines 2098--2101
[]\T1/ptm/m/n/10 (numeric vec-tor num-ber of sam-ples) Model scal-ing fac-tors 
for each sam-ple which

Overfull \hbox (1.74745pt too wide) in paragraph at lines 2102--2105
[]\T1/ptm/m/n/10 (bool) Whether to per-form case-control anal-y-sis. Does case-
only anal-y-sis if FALSE. 
(/usr/local/texlive/2016/texmf-dist/tex/latex/base/utf8.def) [30]
Overfull \hbox (19.34648pt too wide) in paragraph at lines 2134--2137
[]\T1/ptm/m/n/10 Allow us-age of Im-pulseDE2 ouput ob-ject like a list with re-
spect to the core out-put: dfIm-pulseDE2Results
[31] (/usr/local/texlive/2016/texmf-dist/tex/latex/base/utf8.def) [32]
(/usr/local/texlive/2016/texmf-dist/tex/latex/base/utf8.def)
Overfull \hbox (9.63728pt too wide) in paragraph at lines 2323--2325
[]\T1/ptm/m/n/10 (instance of class Im-pulseDE2Object) Im-pulseDE2 out-put ob-j
ect to cre-ate heatmap
[33]
Overfull \hbox (9.83716pt too wide) in paragraph at lines 2334--2337
[]\T1/ptm/m/n/10 (scalar) FDR-corrected p-value thresh-old for call-ing dif-fer
-en-tially ex-pressed genes:
[34] (/usr/local/texlive/2016/texmf-dist/tex/latex/base/utf8.def) [35]
(/usr/local/texlive/2016/texmf-dist/tex/latex/base/utf8.def) [36] [37]
(/usr/local/texlive/2016/texmf-dist/tex/latex/base/utf8.def) [38]
(/usr/local/texlive/2016/texmf-dist/tex/latex/base/utf8.def) [39] [40]
(/usr/local/texlive/2016/texmf-dist/tex/latex/base/utf8.def) [41] [42]
(/usr/local/texlive/2016/texmf-dist/tex/latex/base/utf8.def) [43] [44] [45]
(/usr/local/texlive/2016/texmf-dist/tex/latex/base/utf8.def)
No file Rd2.ind.
[46] [47]
(/private/var/folders/kp/ddqt86px3y14x_p0n0nrmdw00000gn/T/RtmpheTWP7/Rd2pdf1f82
7dee99fb/Rd2.aux) )
(see the transcript file for additional information)pdfTeX warning (dest): name
{Rfn.dnbinom} has been referenced but does not exist, replaced by a fixed one

pdfTeX warning (dest): name{Rfn.optim} has been referenced but does not exist, 
replaced by a fixed one

{/usr/local/texlive/2016/texmf-dist/fonts/enc/dvips/inconsolata/i4-ts1.enc}{/us
r/local/texlive/2016/texmf-dist/fonts/enc/dvips/base/8r.enc}{/usr/local/texlive
/2016/texmf-dist/fonts/enc/dvips/inconsolata/i4-t1-0.enc}</usr/local/texlive/20
16/texmf-dist/fonts/type1/public/inconsolata/Inconsolata-zi4r.pfb></usr/local/t
exlive/2016/texmf-dist/fonts/type1/urw/helvetic/uhvr8a.pfb></usr/local/texlive/
2016/texmf-dist/fonts/type1/urw/times/utmb8a.pfb></usr/local/texlive/2016/texmf
-dist/fonts/type1/urw/times/utmr8a.pfb></usr/local/texlive/2016/texmf-dist/font
s/type1/urw/times/utmr8a.pfb></usr/local/texlive/2016/texmf-dist/fonts/type1/ur
w/times/utmri8a.pfb>
Output written on Rd2.pdf (47 pages, 180977 bytes).
Transcript written on Rd2.log.
This is makeindex, version 2.15 [TeX Live 2016] (kpathsea + Thai support).
Scanning input file Rd2.idx....done (129 entries accepted, 0 rejected).
Sorting entries....done (1026 comparisons).
Generating output file Rd2.ind....done (174 lines written, 11 warnings).
Output written in Rd2.ind.
Transcript written in Rd2.ilg.
This is pdfTeX, Version 3.14159265-2.6-1.40.17 (TeX Live 2016) (preloaded format=pdflatex)
 restricted \write18 enabled.
entering extended mode
LaTeX2e <2016/03/31>
Babel <3.9r> and hyphenation patterns for 83 language(s) loaded.
(./Rd2.tex
(/usr/local/texlive/2016/texmf-dist/tex/latex/base/book.cls
Document Class: book 2014/09/29 v1.4h Standard LaTeX document class
(/usr/local/texlive/2016/texmf-dist/tex/latex/base/bk10.clo))
(/usr/local/Cellar/r/3.3.2/R.framework/Resources/share/texmf/tex/latex/Rd.sty
(/usr/local/texlive/2016/texmf-dist/tex/latex/base/ifthen.sty)
(/usr/local/texlive/2016/texmf-dist/tex/latex/tools/longtable.sty)
(/usr/local/texlive/2016/texmf-dist/tex/latex/tools/bm.sty)
(/usr/local/texlive/2016/texmf-dist/tex/latex/base/alltt.sty)
(/usr/local/texlive/2016/texmf-dist/tex/latex/tools/verbatim.sty)
(/usr/local/texlive/2016/texmf-dist/tex/latex/url/url.sty)
(/usr/local/texlive/2016/texmf-dist/tex/latex/base/textcomp.sty
(/usr/local/texlive/2016/texmf-dist/tex/latex/base/ts1enc.def))
(/usr/local/texlive/2016/texmf-dist/tex/latex/base/fontenc.sty
(/usr/local/texlive/2016/texmf-dist/tex/latex/base/t1enc.def))
(/usr/local/texlive/2016/texmf-dist/tex/latex/psnfss/times.sty)
(/usr/local/texlive/2016/texmf-dist/tex/latex/inconsolata/zi4.sty
`inconsolata-zi4' v1.10, 2016/02/22 Text macros for Inconsolata (msharpe)
(/usr/local/texlive/2016/texmf-dist/tex/latex/graphics/keyval.sty))
(/usr/local/texlive/2016/texmf-dist/tex/latex/graphics/color.sty
(/usr/local/texlive/2016/texmf-dist/tex/latex/graphics-cfg/color.cfg)
(/usr/local/texlive/2016/texmf-dist/tex/latex/pdftex-def/pdftex.def
(/usr/local/texlive/2016/texmf-dist/tex/generic/oberdiek/infwarerr.sty)
(/usr/local/texlive/2016/texmf-dist/tex/generic/oberdiek/ltxcmds.sty)))
(/usr/local/texlive/2016/texmf-dist/tex/latex/hyperref/hyperref.sty
(/usr/local/texlive/2016/texmf-dist/tex/generic/oberdiek/hobsub-hyperref.sty
(/usr/local/texlive/2016/texmf-dist/tex/generic/oberdiek/hobsub-generic.sty))
(/usr/local/texlive/2016/texmf-dist/tex/generic/ifxetex/ifxetex.sty)
(/usr/local/texlive/2016/texmf-dist/tex/latex/oberdiek/auxhook.sty)
(/usr/local/texlive/2016/texmf-dist/tex/latex/oberdiek/kvoptions.sty)
(/usr/local/texlive/2016/texmf-dist/tex/latex/hyperref/pd1enc.def)
(/usr/local/texlive/2016/texmf-dist/tex/latex/latexconfig/hyperref.cfg))

Package hyperref Message: Driver (autodetected): hpdftex.

(/usr/local/texlive/2016/texmf-dist/tex/latex/hyperref/hpdftex.def
(/usr/local/texlive/2016/texmf-dist/tex/latex/oberdiek/rerunfilecheck.sty))

Package hyperref Warning: Option `hyperindex' has already been used,
(hyperref)                setting the option has no effect on input line 366.


Package hyperref Warning: Option `pagebackref' has already been used,
(hyperref)                setting the option has no effect on input line 366.

) (/usr/local/texlive/2016/texmf-dist/tex/latex/base/makeidx.sty)
(/usr/local/texlive/2016/texmf-dist/tex/latex/base/inputenc.sty
(/usr/local/texlive/2016/texmf-dist/tex/latex/base/utf8.def
(/usr/local/texlive/2016/texmf-dist/tex/latex/base/t1enc.dfu)
(/usr/local/texlive/2016/texmf-dist/tex/latex/base/ot1enc.dfu)
(/usr/local/texlive/2016/texmf-dist/tex/latex/base/omsenc.dfu)
(/usr/local/texlive/2016/texmf-dist/tex/latex/base/ts1enc.dfu)))
Writing index file Rd2.idx

(/private/var/folders/kp/ddqt86px3y14x_p0n0nrmdw00000gn/T/RtmpheTWP7/Rd2pdf1f82
7dee99fb/Rd2.aux) (/usr/local/texlive/2016/texmf-dist/tex/latex/base/ts1cmr.fd)
(/usr/local/texlive/2016/texmf-dist/tex/latex/psnfss/t1ptm.fd)
(/usr/local/texlive/2016/texmf-dist/tex/context/base/mkii/supp-pdf.mkii
[Loading MPS to PDF converter (version 2006.09.02).]
) (/usr/local/texlive/2016/texmf-dist/tex/latex/hyperref/nameref.sty
(/usr/local/texlive/2016/texmf-dist/tex/generic/oberdiek/gettitlestring.sty))
(/private/var/folders/kp/ddqt86px3y14x_p0n0nrmdw00000gn/T/RtmpheTWP7/Rd2pdf1f82
7dee99fb/Rd2.out)
(/private/var/folders/kp/ddqt86px3y14x_p0n0nrmdw00000gn/T/RtmpheTWP7/Rd2pdf1f82
7dee99fb/Rd2.out) (/usr/local/texlive/2016/texmf-dist/tex/latex/base/utf8.def)
(/usr/local/texlive/2016/texmf-dist/tex/latex/inconsolata/t1zi4.fd)
(/usr/local/texlive/2016/texmf-dist/tex/latex/psnfss/ts1ptm.fd)
(/usr/local/texlive/2016/texmf-dist/tex/latex/psnfss/t1phv.fd)
(/private/var/folders/kp/ddqt86px3y14x_p0n0nrmdw00000gn/T/RtmpheTWP7/Rd2pdf1f82
7dee99fb/Rd2.toc [1{/usr/local/texlive/2016/texmf-var/fonts/map/pdftex/updmap/p
dftex.map}]) (/usr/local/texlive/2016/texmf-dist/tex/latex/base/utf8.def)
[2] (/usr/local/texlive/2016/texmf-dist/tex/latex/base/utf8.def) [3]
(/usr/local/texlive/2016/texmf-dist/tex/latex/base/utf8.def) [4]
(/usr/local/texlive/2016/texmf-dist/tex/latex/base/utf8.def)
(/usr/local/texlive/2016/texmf-dist/tex/latex/base/utf8.def) [5]
(/usr/local/texlive/2016/texmf-dist/tex/latex/base/utf8.def) [6]
(/usr/local/texlive/2016/texmf-dist/tex/latex/base/utf8.def) [7]
(/usr/local/texlive/2016/texmf-dist/tex/latex/base/utf8.def)
(/usr/local/texlive/2016/texmf-dist/tex/latex/base/utf8.def) [8]
(/usr/local/texlive/2016/texmf-dist/tex/latex/base/utf8.def) [9]
(/usr/local/texlive/2016/texmf-dist/tex/latex/base/utf8.def) [10]
(/usr/local/texlive/2016/texmf-dist/tex/latex/base/utf8.def) [11]
(/usr/local/texlive/2016/texmf-dist/tex/latex/base/utf8.def) [12]
(/usr/local/texlive/2016/texmf-dist/tex/latex/base/utf8.def)
(/usr/local/texlive/2016/texmf-dist/tex/latex/base/utf8.def) [13]
Overfull \hbox (15.32799pt too wide) in paragraph at lines 785--787
[]\T1/ptm/m/n/10 (vector num-ber of genes) Gene-wise neg-a-tive bi-no-mial dis-
per-sion hyper-parameters. 

Overfull \hbox (16.35667pt too wide) in paragraph at lines 834--836
[]\T1/ptm/m/n/10 scaDispParam (scalar) Dis-per-sion pa-ram-e-ter es-ti-mate use
d in fit-ting (hyper-parameter). 

Overfull \hbox (16.35667pt too wide) in paragraph at lines 852--854
[]\T1/ptm/m/n/10 scaDispParam (scalar) Dis-per-sion pa-ram-e-ter es-ti-mate use
d in fit-ting (hyper-parameter). 
[14] (/usr/local/texlive/2016/texmf-dist/tex/latex/base/utf8.def) [15]
(/usr/local/texlive/2016/texmf-dist/tex/latex/base/utf8.def) [16]
(/usr/local/texlive/2016/texmf-dist/tex/latex/base/utf8.def) [17] [18]
(/usr/local/texlive/2016/texmf-dist/tex/latex/base/utf8.def) [19]
Overfull \hbox (16.35667pt too wide) in paragraph at lines 1305--1307
[]\T1/ptm/m/n/10 scaDispParam (scalar) Dis-per-sion pa-ram-e-ter es-ti-mate use
d in fit-ting (hyper-parameter). 

Overfull \hbox (16.35667pt too wide) in paragraph at lines 1323--1325
[]\T1/ptm/m/n/10 scaDispParam (scalar) Dis-per-sion pa-ram-e-ter es-ti-mate use
d in fit-ting (hyper-parameter). 
(/usr/local/texlive/2016/texmf-dist/tex/latex/base/utf8.def) [20]
(/usr/local/texlive/2016/texmf-dist/tex/latex/base/utf8.def) [21] [22]
(/usr/local/texlive/2016/texmf-dist/tex/latex/base/utf8.def) [23]
Overfull \hbox (16.35667pt too wide) in paragraph at lines 1656--1658
[]\T1/ptm/m/n/10 scaDispParam (scalar) Dis-per-sion pa-ram-e-ter es-ti-mate use
d in fit-ting (hyper-parameter). 
[24] (/usr/local/texlive/2016/texmf-dist/tex/latex/inconsolata/ts1zi4.fd)
(/usr/local/texlive/2016/texmf-dist/tex/latex/base/utf8.def) [25]
(/usr/local/texlive/2016/texmf-dist/tex/latex/base/utf8.def) [26] [27]
(/usr/local/texlive/2016/texmf-dist/tex/latex/base/utf8.def) [28] [29]
Overfull \hbox (4.6169pt too wide) in paragraph at lines 2029--2031
[]\T1/ptm/m/n/10 scaLL (scalar) Log-like-li-hood of data un-der max-i-mum like-
li-hood es-ti-ma-tor model. 

Overfull \hbox (4.6169pt too wide) in paragraph at lines 2047--2049
[]\T1/ptm/m/n/10 scaLL (scalar) Log-like-li-hood of data un-der max-i-mum like-
li-hood es-ti-ma-tor model. 

Overfull \hbox (4.6169pt too wide) in paragraph at lines 2069--2071
[]\T1/ptm/m/n/10 scaLL (scalar) Log-like-li-hood of data un-der max-i-mum like-
li-hood es-ti-ma-tor model. 

Overfull \hbox (0.34769pt too wide) in paragraph at lines 2098--2101
[]\T1/ptm/m/n/10 (numeric vec-tor num-ber of sam-ples) Model scal-ing fac-tors 
for each sam-ple which

Overfull \hbox (1.74745pt too wide) in paragraph at lines 2102--2105
[]\T1/ptm/m/n/10 (bool) Whether to per-form case-control anal-y-sis. Does case-
only anal-y-sis if FALSE. 
(/usr/local/texlive/2016/texmf-dist/tex/latex/base/utf8.def) [30]
Overfull \hbox (19.34648pt too wide) in paragraph at lines 2134--2137
[]\T1/ptm/m/n/10 Allow us-age of Im-pulseDE2 ouput ob-ject like a list with re-
spect to the core out-put: dfIm-pulseDE2Results
[31] (/usr/local/texlive/2016/texmf-dist/tex/latex/base/utf8.def) [32]
(/usr/local/texlive/2016/texmf-dist/tex/latex/base/utf8.def)
Overfull \hbox (9.63728pt too wide) in paragraph at lines 2323--2325
[]\T1/ptm/m/n/10 (instance of class Im-pulseDE2Object) Im-pulseDE2 out-put ob-j
ect to cre-ate heatmap
[33]
Overfull \hbox (9.83716pt too wide) in paragraph at lines 2334--2337
[]\T1/ptm/m/n/10 (scalar) FDR-corrected p-value thresh-old for call-ing dif-fer
-en-tially ex-pressed genes:
[34] (/usr/local/texlive/2016/texmf-dist/tex/latex/base/utf8.def) [35]
(/usr/local/texlive/2016/texmf-dist/tex/latex/base/utf8.def) [36] [37]
(/usr/local/texlive/2016/texmf-dist/tex/latex/base/utf8.def) [38]
(/usr/local/texlive/2016/texmf-dist/tex/latex/base/utf8.def) [39] [40]
(/usr/local/texlive/2016/texmf-dist/tex/latex/base/utf8.def) [41] [42]
(/usr/local/texlive/2016/texmf-dist/tex/latex/base/utf8.def) [43] [44] [45]
(/usr/local/texlive/2016/texmf-dist/tex/latex/base/utf8.def)
(/private/var/folders/kp/ddqt86px3y14x_p0n0nrmdw00000gn/T/RtmpheTWP7/Rd2pdf1f82
7dee99fb/Rd2.ind [46] [47]

LaTeX Font Warning: Font shape `T1/zi4/m/it' undefined
(Font)              using `T1/zi4/m/n' instead on input line 3.


Overfull \hbox (30.8567pt too wide) in paragraph at lines 3--5
[]\T1/zi4/m/n/10 [[,ImpulseDE2Object,character,missing-method 

Overfull \hbox (10.8567pt too wide) in paragraph at lines 79--81
[]\T1/zi4/m/it/10 get_boolCaseCtrl,ImpulseDE2Object-method 

Overfull \hbox (30.8567pt too wide) in paragraph at lines 83--85
[]\T1/zi4/m/it/10 get_dfAnnotationProc,ImpulseDE2Object-method 

Overfull \hbox (5.8567pt too wide) in paragraph at lines 87--89
[]\T1/zi4/m/it/10 get_lsModelFits,ImpulseDE2Object-method 

Overfull \hbox (30.8567pt too wide) in paragraph at lines 91--93
[]\T1/zi4/m/it/10 get_matCountDataProc,ImpulseDE2Object-method 

Overfull \hbox (20.8567pt too wide) in paragraph at lines 107--109
[]\T1/zi4/m/it/10 get_vecConfounders,ImpulseDE2Object-method 

Overfull \hbox (20.8567pt too wide) in paragraph at lines 111--113
[]\T1/zi4/m/it/10 get_vecDispersions,ImpulseDE2Object-method 

Overfull \hbox (20.8567pt too wide) in paragraph at lines 115--117
[]\T1/zi4/m/it/10 get_vecSizeFactors,ImpulseDE2Object-method 
[48] [49])
(/private/var/folders/kp/ddqt86px3y14x_p0n0nrmdw00000gn/T/RtmpheTWP7/Rd2pdf1f82
7dee99fb/Rd2.aux)

Package rerunfilecheck Warning: File `Rd2.out' has changed.
(rerunfilecheck)                Rerun to get outlines right
(rerunfilecheck)                or use package `bookmark'.


LaTeX Font Warning: Some font shapes were not available, defaults substituted.

 )
(see the transcript file for additional information)pdfTeX warning (dest): name
{Rfn.dnbinom} has been referenced but does not exist, replaced by a fixed one

pdfTeX warning (dest): name{Rfn.optim} has been referenced but does not exist, 
replaced by a fixed one

{/usr/local/texlive/2016/texmf-dist/fonts/enc/dvips/inconsolata/i4-ts1.enc}{/us
r/local/texlive/2016/texmf-dist/fonts/enc/dvips/base/8r.enc}{/usr/local/texlive
/2016/texmf-dist/fonts/enc/dvips/inconsolata/i4-t1-0.enc}</usr/local/texlive/20
16/texmf-dist/fonts/type1/public/inconsolata/Inconsolata-zi4r.pfb></usr/local/t
exlive/2016/texmf-dist/fonts/type1/urw/helvetic/uhvr8a.pfb></usr/local/texlive/
2016/texmf-dist/fonts/type1/urw/times/utmb8a.pfb></usr/local/texlive/2016/texmf
-dist/fonts/type1/urw/times/utmr8a.pfb></usr/local/texlive/2016/texmf-dist/font
s/type1/urw/times/utmr8a.pfb></usr/local/texlive/2016/texmf-dist/fonts/type1/ur
w/times/utmri8a.pfb>
Output written on Rd2.pdf (49 pages, 187959 bytes).
Transcript written on Rd2.log.
This is makeindex, version 2.15 [TeX Live 2016] (kpathsea + Thai support).
Scanning input file Rd2.idx....done (129 entries accepted, 0 rejected).
Sorting entries....done (1026 comparisons).
Generating output file Rd2.ind....done (174 lines written, 11 warnings).
Output written in Rd2.ind.
Transcript written in Rd2.ilg.
This is pdfTeX, Version 3.14159265-2.6-1.40.17 (TeX Live 2016) (preloaded format=pdflatex)
 restricted \write18 enabled.
entering extended mode
LaTeX2e <2016/03/31>
Babel <3.9r> and hyphenation patterns for 83 language(s) loaded.
(./Rd2.tex
(/usr/local/texlive/2016/texmf-dist/tex/latex/base/book.cls
Document Class: book 2014/09/29 v1.4h Standard LaTeX document class
(/usr/local/texlive/2016/texmf-dist/tex/latex/base/bk10.clo))
(/usr/local/Cellar/r/3.3.2/R.framework/Resources/share/texmf/tex/latex/Rd.sty
(/usr/local/texlive/2016/texmf-dist/tex/latex/base/ifthen.sty)
(/usr/local/texlive/2016/texmf-dist/tex/latex/tools/longtable.sty)
(/usr/local/texlive/2016/texmf-dist/tex/latex/tools/bm.sty)
(/usr/local/texlive/2016/texmf-dist/tex/latex/base/alltt.sty)
(/usr/local/texlive/2016/texmf-dist/tex/latex/tools/verbatim.sty)
(/usr/local/texlive/2016/texmf-dist/tex/latex/url/url.sty)
(/usr/local/texlive/2016/texmf-dist/tex/latex/base/textcomp.sty
(/usr/local/texlive/2016/texmf-dist/tex/latex/base/ts1enc.def))
(/usr/local/texlive/2016/texmf-dist/tex/latex/base/fontenc.sty
(/usr/local/texlive/2016/texmf-dist/tex/latex/base/t1enc.def))
(/usr/local/texlive/2016/texmf-dist/tex/latex/psnfss/times.sty)
(/usr/local/texlive/2016/texmf-dist/tex/latex/inconsolata/zi4.sty
`inconsolata-zi4' v1.10, 2016/02/22 Text macros for Inconsolata (msharpe)
(/usr/local/texlive/2016/texmf-dist/tex/latex/graphics/keyval.sty))
(/usr/local/texlive/2016/texmf-dist/tex/latex/graphics/color.sty
(/usr/local/texlive/2016/texmf-dist/tex/latex/graphics-cfg/color.cfg)
(/usr/local/texlive/2016/texmf-dist/tex/latex/pdftex-def/pdftex.def
(/usr/local/texlive/2016/texmf-dist/tex/generic/oberdiek/infwarerr.sty)
(/usr/local/texlive/2016/texmf-dist/tex/generic/oberdiek/ltxcmds.sty)))
(/usr/local/texlive/2016/texmf-dist/tex/latex/hyperref/hyperref.sty
(/usr/local/texlive/2016/texmf-dist/tex/generic/oberdiek/hobsub-hyperref.sty
(/usr/local/texlive/2016/texmf-dist/tex/generic/oberdiek/hobsub-generic.sty))
(/usr/local/texlive/2016/texmf-dist/tex/generic/ifxetex/ifxetex.sty)
(/usr/local/texlive/2016/texmf-dist/tex/latex/oberdiek/auxhook.sty)
(/usr/local/texlive/2016/texmf-dist/tex/latex/oberdiek/kvoptions.sty)
(/usr/local/texlive/2016/texmf-dist/tex/latex/hyperref/pd1enc.def)
(/usr/local/texlive/2016/texmf-dist/tex/latex/latexconfig/hyperref.cfg))

Package hyperref Message: Driver (autodetected): hpdftex.

(/usr/local/texlive/2016/texmf-dist/tex/latex/hyperref/hpdftex.def
(/usr/local/texlive/2016/texmf-dist/tex/latex/oberdiek/rerunfilecheck.sty))

Package hyperref Warning: Option `hyperindex' has already been used,
(hyperref)                setting the option has no effect on input line 366.


Package hyperref Warning: Option `pagebackref' has already been used,
(hyperref)                setting the option has no effect on input line 366.

) (/usr/local/texlive/2016/texmf-dist/tex/latex/base/makeidx.sty)
(/usr/local/texlive/2016/texmf-dist/tex/latex/base/inputenc.sty
(/usr/local/texlive/2016/texmf-dist/tex/latex/base/utf8.def
(/usr/local/texlive/2016/texmf-dist/tex/latex/base/t1enc.dfu)
(/usr/local/texlive/2016/texmf-dist/tex/latex/base/ot1enc.dfu)
(/usr/local/texlive/2016/texmf-dist/tex/latex/base/omsenc.dfu)
(/usr/local/texlive/2016/texmf-dist/tex/latex/base/ts1enc.dfu)))
Writing index file Rd2.idx

(/private/var/folders/kp/ddqt86px3y14x_p0n0nrmdw00000gn/T/RtmpheTWP7/Rd2pdf1f82
7dee99fb/Rd2.aux) (/usr/local/texlive/2016/texmf-dist/tex/latex/base/ts1cmr.fd)
(/usr/local/texlive/2016/texmf-dist/tex/latex/psnfss/t1ptm.fd)
(/usr/local/texlive/2016/texmf-dist/tex/context/base/mkii/supp-pdf.mkii
[Loading MPS to PDF converter (version 2006.09.02).]
) (/usr/local/texlive/2016/texmf-dist/tex/latex/hyperref/nameref.sty
(/usr/local/texlive/2016/texmf-dist/tex/generic/oberdiek/gettitlestring.sty))
(/private/var/folders/kp/ddqt86px3y14x_p0n0nrmdw00000gn/T/RtmpheTWP7/Rd2pdf1f82
7dee99fb/Rd2.out)
(/private/var/folders/kp/ddqt86px3y14x_p0n0nrmdw00000gn/T/RtmpheTWP7/Rd2pdf1f82
7dee99fb/Rd2.out) (/usr/local/texlive/2016/texmf-dist/tex/latex/base/utf8.def)
(/usr/local/texlive/2016/texmf-dist/tex/latex/inconsolata/t1zi4.fd)
(/usr/local/texlive/2016/texmf-dist/tex/latex/psnfss/ts1ptm.fd)
(/usr/local/texlive/2016/texmf-dist/tex/latex/psnfss/t1phv.fd)
(/private/var/folders/kp/ddqt86px3y14x_p0n0nrmdw00000gn/T/RtmpheTWP7/Rd2pdf1f82
7dee99fb/Rd2.toc [1{/usr/local/texlive/2016/texmf-var/fonts/map/pdftex/updmap/p
dftex.map}]) (/usr/local/texlive/2016/texmf-dist/tex/latex/base/utf8.def)
[2] (/usr/local/texlive/2016/texmf-dist/tex/latex/base/utf8.def) [3]
(/usr/local/texlive/2016/texmf-dist/tex/latex/base/utf8.def) [4]
(/usr/local/texlive/2016/texmf-dist/tex/latex/base/utf8.def) [5]
(/usr/local/texlive/2016/texmf-dist/tex/latex/base/utf8.def)
(/usr/local/texlive/2016/texmf-dist/tex/latex/base/utf8.def) [6]
(/usr/local/texlive/2016/texmf-dist/tex/latex/base/utf8.def) [7]
(/usr/local/texlive/2016/texmf-dist/tex/latex/base/utf8.def) [8]
(/usr/local/texlive/2016/texmf-dist/tex/latex/base/utf8.def) [9]
(/usr/local/texlive/2016/texmf-dist/tex/latex/base/utf8.def)
(/usr/local/texlive/2016/texmf-dist/tex/latex/base/utf8.def) [10]
(/usr/local/texlive/2016/texmf-dist/tex/latex/base/utf8.def) [11]
(/usr/local/texlive/2016/texmf-dist/tex/latex/base/utf8.def) [12]
(/usr/local/texlive/2016/texmf-dist/tex/latex/base/utf8.def) [13]
(/usr/local/texlive/2016/texmf-dist/tex/latex/base/utf8.def)
Overfull \hbox (15.32799pt too wide) in paragraph at lines 785--787
[]\T1/ptm/m/n/10 (vector num-ber of genes) Gene-wise neg-a-tive bi-no-mial dis-
per-sion hyper-parameters. 

Overfull \hbox (16.35667pt too wide) in paragraph at lines 834--836
[]\T1/ptm/m/n/10 scaDispParam (scalar) Dis-per-sion pa-ram-e-ter es-ti-mate use
d in fit-ting (hyper-parameter). 
[14]
Overfull \hbox (16.35667pt too wide) in paragraph at lines 852--854
[]\T1/ptm/m/n/10 scaDispParam (scalar) Dis-per-sion pa-ram-e-ter es-ti-mate use
d in fit-ting (hyper-parameter). 
(/usr/local/texlive/2016/texmf-dist/tex/latex/base/utf8.def) [15] [16]
(/usr/local/texlive/2016/texmf-dist/tex/latex/base/utf8.def) [17]
(/usr/local/texlive/2016/texmf-dist/tex/latex/base/utf8.def) [18]
(/usr/local/texlive/2016/texmf-dist/tex/latex/base/utf8.def) [19]
Overfull \hbox (16.35667pt too wide) in paragraph at lines 1305--1307
[]\T1/ptm/m/n/10 scaDispParam (scalar) Dis-per-sion pa-ram-e-ter es-ti-mate use
d in fit-ting (hyper-parameter). 

Overfull \hbox (16.35667pt too wide) in paragraph at lines 1323--1325
[]\T1/ptm/m/n/10 scaDispParam (scalar) Dis-per-sion pa-ram-e-ter es-ti-mate use
d in fit-ting (hyper-parameter). 
[20] (/usr/local/texlive/2016/texmf-dist/tex/latex/base/utf8.def) [21]
(/usr/local/texlive/2016/texmf-dist/tex/latex/base/utf8.def) [22]
(/usr/local/texlive/2016/texmf-dist/tex/latex/base/utf8.def) [23] [24]
Overfull \hbox (16.35667pt too wide) in paragraph at lines 1656--1658
[]\T1/ptm/m/n/10 scaDispParam (scalar) Dis-per-sion pa-ram-e-ter es-ti-mate use
d in fit-ting (hyper-parameter). 
[25] (/usr/local/texlive/2016/texmf-dist/tex/latex/inconsolata/ts1zi4.fd)
(/usr/local/texlive/2016/texmf-dist/tex/latex/base/utf8.def) [26]
(/usr/local/texlive/2016/texmf-dist/tex/latex/base/utf8.def) [27]
(/usr/local/texlive/2016/texmf-dist/tex/latex/base/utf8.def) [28] [29]
Overfull \hbox (4.6169pt too wide) in paragraph at lines 2029--2031
[]\T1/ptm/m/n/10 scaLL (scalar) Log-like-li-hood of data un-der max-i-mum like-
li-hood es-ti-ma-tor model. 

Overfull \hbox (4.6169pt too wide) in paragraph at lines 2047--2049
[]\T1/ptm/m/n/10 scaLL (scalar) Log-like-li-hood of data un-der max-i-mum like-
li-hood es-ti-ma-tor model. 

Overfull \hbox (4.6169pt too wide) in paragraph at lines 2069--2071
[]\T1/ptm/m/n/10 scaLL (scalar) Log-like-li-hood of data un-der max-i-mum like-
li-hood es-ti-ma-tor model. 
[30]
Overfull \hbox (0.34769pt too wide) in paragraph at lines 2098--2101
[]\T1/ptm/m/n/10 (numeric vec-tor num-ber of sam-ples) Model scal-ing fac-tors 
for each sam-ple which

Overfull \hbox (1.74745pt too wide) in paragraph at lines 2102--2105
[]\T1/ptm/m/n/10 (bool) Whether to per-form case-control anal-y-sis. Does case-
only anal-y-sis if FALSE. 
(/usr/local/texlive/2016/texmf-dist/tex/latex/base/utf8.def)
Overfull \hbox (19.34648pt too wide) in paragraph at lines 2134--2137
[]\T1/ptm/m/n/10 Allow us-age of Im-pulseDE2 ouput ob-ject like a list with re-
spect to the core out-put: dfIm-pulseDE2Results
[31] (/usr/local/texlive/2016/texmf-dist/tex/latex/base/utf8.def) [32] [33]
(/usr/local/texlive/2016/texmf-dist/tex/latex/base/utf8.def)
Overfull \hbox (9.63728pt too wide) in paragraph at lines 2323--2325
[]\T1/ptm/m/n/10 (instance of class Im-pulseDE2Object) Im-pulseDE2 out-put ob-j
ect to cre-ate heatmap

Overfull \hbox (9.83716pt too wide) in paragraph at lines 2334--2337
[]\T1/ptm/m/n/10 (scalar) FDR-corrected p-value thresh-old for call-ing dif-fer
-en-tially ex-pressed genes:
[34] (/usr/local/texlive/2016/texmf-dist/tex/latex/base/utf8.def) [35]
(/usr/local/texlive/2016/texmf-dist/tex/latex/base/utf8.def) [36] [37]
(/usr/local/texlive/2016/texmf-dist/tex/latex/base/utf8.def) [38]
(/usr/local/texlive/2016/texmf-dist/tex/latex/base/utf8.def) [39] [40] [41]
(/usr/local/texlive/2016/texmf-dist/tex/latex/base/utf8.def) [42] [43]
(/usr/local/texlive/2016/texmf-dist/tex/latex/base/utf8.def) [44] [45] [46]
(/usr/local/texlive/2016/texmf-dist/tex/latex/base/utf8.def)
(/private/var/folders/kp/ddqt86px3y14x_p0n0nrmdw00000gn/T/RtmpheTWP7/Rd2pdf1f82
7dee99fb/Rd2.ind [47] [48]

LaTeX Font Warning: Font shape `T1/zi4/m/it' undefined
(Font)              using `T1/zi4/m/n' instead on input line 3.


Overfull \hbox (30.8567pt too wide) in paragraph at lines 3--5
[]\T1/zi4/m/n/10 [[,ImpulseDE2Object,character,missing-method 

Overfull \hbox (10.8567pt too wide) in paragraph at lines 79--81
[]\T1/zi4/m/it/10 get_boolCaseCtrl,ImpulseDE2Object-method 

Overfull \hbox (30.8567pt too wide) in paragraph at lines 83--85
[]\T1/zi4/m/it/10 get_dfAnnotationProc,ImpulseDE2Object-method 

Overfull \hbox (5.8567pt too wide) in paragraph at lines 87--89
[]\T1/zi4/m/it/10 get_lsModelFits,ImpulseDE2Object-method 

Overfull \hbox (30.8567pt too wide) in paragraph at lines 91--93
[]\T1/zi4/m/it/10 get_matCountDataProc,ImpulseDE2Object-method 

Overfull \hbox (20.8567pt too wide) in paragraph at lines 107--109
[]\T1/zi4/m/it/10 get_vecConfounders,ImpulseDE2Object-method 

Overfull \hbox (20.8567pt too wide) in paragraph at lines 111--113
[]\T1/zi4/m/it/10 get_vecDispersions,ImpulseDE2Object-method 

Overfull \hbox (20.8567pt too wide) in paragraph at lines 115--117
[]\T1/zi4/m/it/10 get_vecSizeFactors,ImpulseDE2Object-method 
[49] [50])
(/private/var/folders/kp/ddqt86px3y14x_p0n0nrmdw00000gn/T/RtmpheTWP7/Rd2pdf1f82
7dee99fb/Rd2.aux)

LaTeX Font Warning: Some font shapes were not available, defaults substituted.

 )
(see the transcript file for additional information)pdfTeX warning (dest): name
{Rfn.dnbinom} has been referenced but does not exist, replaced by a fixed one

pdfTeX warning (dest): name{Rfn.optim} has been referenced but does not exist, 
replaced by a fixed one

{/usr/local/texlive/2016/texmf-dist/fonts/enc/dvips/inconsolata/i4-ts1.enc}{/us
r/local/texlive/2016/texmf-dist/fonts/enc/dvips/base/8r.enc}{/usr/local/texlive
/2016/texmf-dist/fonts/enc/dvips/inconsolata/i4-t1-0.enc}</usr/local/texlive/20
16/texmf-dist/fonts/type1/public/inconsolata/Inconsolata-zi4r.pfb></usr/local/t
exlive/2016/texmf-dist/fonts/type1/urw/helvetic/uhvr8a.pfb></usr/local/texlive/
2016/texmf-dist/fonts/type1/urw/times/utmb8a.pfb></usr/local/texlive/2016/texmf
-dist/fonts/type1/urw/times/utmr8a.pfb></usr/local/texlive/2016/texmf-dist/font
s/type1/urw/times/utmr8a.pfb></usr/local/texlive/2016/texmf-dist/fonts/type1/ur
w/times/utmri8a.pfb>
Output written on Rd2.pdf (50 pages, 188815 bytes).
Transcript written on Rd2.log.
This is makeindex, version 2.15 [TeX Live 2016] (kpathsea + Thai support).
Scanning input file Rd2.idx....done (129 entries accepted, 0 rejected).
Sorting entries....done (1030 comparisons).
Generating output file Rd2.ind....done (174 lines written, 9 warnings).
Output written in Rd2.ind.
Transcript written in Rd2.ilg.
This is pdfTeX, Version 3.14159265-2.6-1.40.17 (TeX Live 2016) (preloaded format=pdflatex)
 restricted \write18 enabled.
entering extended mode
LaTeX2e <2016/03/31>
Babel <3.9r> and hyphenation patterns for 83 language(s) loaded.
(./Rd2.tex
(/usr/local/texlive/2016/texmf-dist/tex/latex/base/book.cls
Document Class: book 2014/09/29 v1.4h Standard LaTeX document class
(/usr/local/texlive/2016/texmf-dist/tex/latex/base/bk10.clo))
(/usr/local/Cellar/r/3.3.2/R.framework/Resources/share/texmf/tex/latex/Rd.sty
(/usr/local/texlive/2016/texmf-dist/tex/latex/base/ifthen.sty)
(/usr/local/texlive/2016/texmf-dist/tex/latex/tools/longtable.sty)
(/usr/local/texlive/2016/texmf-dist/tex/latex/tools/bm.sty)
(/usr/local/texlive/2016/texmf-dist/tex/latex/base/alltt.sty)
(/usr/local/texlive/2016/texmf-dist/tex/latex/tools/verbatim.sty)
(/usr/local/texlive/2016/texmf-dist/tex/latex/url/url.sty)
(/usr/local/texlive/2016/texmf-dist/tex/latex/base/textcomp.sty
(/usr/local/texlive/2016/texmf-dist/tex/latex/base/ts1enc.def))
(/usr/local/texlive/2016/texmf-dist/tex/latex/base/fontenc.sty
(/usr/local/texlive/2016/texmf-dist/tex/latex/base/t1enc.def))
(/usr/local/texlive/2016/texmf-dist/tex/latex/psnfss/times.sty)
(/usr/local/texlive/2016/texmf-dist/tex/latex/inconsolata/zi4.sty
`inconsolata-zi4' v1.10, 2016/02/22 Text macros for Inconsolata (msharpe)
(/usr/local/texlive/2016/texmf-dist/tex/latex/graphics/keyval.sty))
(/usr/local/texlive/2016/texmf-dist/tex/latex/graphics/color.sty
(/usr/local/texlive/2016/texmf-dist/tex/latex/graphics-cfg/color.cfg)
(/usr/local/texlive/2016/texmf-dist/tex/latex/pdftex-def/pdftex.def
(/usr/local/texlive/2016/texmf-dist/tex/generic/oberdiek/infwarerr.sty)
(/usr/local/texlive/2016/texmf-dist/tex/generic/oberdiek/ltxcmds.sty)))
(/usr/local/texlive/2016/texmf-dist/tex/latex/hyperref/hyperref.sty
(/usr/local/texlive/2016/texmf-dist/tex/generic/oberdiek/hobsub-hyperref.sty
(/usr/local/texlive/2016/texmf-dist/tex/generic/oberdiek/hobsub-generic.sty))
(/usr/local/texlive/2016/texmf-dist/tex/generic/ifxetex/ifxetex.sty)
(/usr/local/texlive/2016/texmf-dist/tex/latex/oberdiek/auxhook.sty)
(/usr/local/texlive/2016/texmf-dist/tex/latex/oberdiek/kvoptions.sty)
(/usr/local/texlive/2016/texmf-dist/tex/latex/hyperref/pd1enc.def)
(/usr/local/texlive/2016/texmf-dist/tex/latex/latexconfig/hyperref.cfg))

Package hyperref Message: Driver (autodetected): hpdftex.

(/usr/local/texlive/2016/texmf-dist/tex/latex/hyperref/hpdftex.def
(/usr/local/texlive/2016/texmf-dist/tex/latex/oberdiek/rerunfilecheck.sty))

Package hyperref Warning: Option `hyperindex' has already been used,
(hyperref)                setting the option has no effect on input line 366.


Package hyperref Warning: Option `pagebackref' has already been used,
(hyperref)                setting the option has no effect on input line 366.

) (/usr/local/texlive/2016/texmf-dist/tex/latex/base/makeidx.sty)
(/usr/local/texlive/2016/texmf-dist/tex/latex/base/inputenc.sty
(/usr/local/texlive/2016/texmf-dist/tex/latex/base/utf8.def
(/usr/local/texlive/2016/texmf-dist/tex/latex/base/t1enc.dfu)
(/usr/local/texlive/2016/texmf-dist/tex/latex/base/ot1enc.dfu)
(/usr/local/texlive/2016/texmf-dist/tex/latex/base/omsenc.dfu)
(/usr/local/texlive/2016/texmf-dist/tex/latex/base/ts1enc.dfu)))
Writing index file Rd2.idx

(/private/var/folders/kp/ddqt86px3y14x_p0n0nrmdw00000gn/T/RtmpheTWP7/Rd2pdf1f82
7dee99fb/Rd2.aux) (/usr/local/texlive/2016/texmf-dist/tex/latex/base/ts1cmr.fd)
(/usr/local/texlive/2016/texmf-dist/tex/latex/psnfss/t1ptm.fd)
(/usr/local/texlive/2016/texmf-dist/tex/context/base/mkii/supp-pdf.mkii
[Loading MPS to PDF converter (version 2006.09.02).]
) (/usr/local/texlive/2016/texmf-dist/tex/latex/hyperref/nameref.sty
(/usr/local/texlive/2016/texmf-dist/tex/generic/oberdiek/gettitlestring.sty))
(/private/var/folders/kp/ddqt86px3y14x_p0n0nrmdw00000gn/T/RtmpheTWP7/Rd2pdf1f82
7dee99fb/Rd2.out)
(/private/var/folders/kp/ddqt86px3y14x_p0n0nrmdw00000gn/T/RtmpheTWP7/Rd2pdf1f82
7dee99fb/Rd2.out) (/usr/local/texlive/2016/texmf-dist/tex/latex/base/utf8.def)
(/usr/local/texlive/2016/texmf-dist/tex/latex/inconsolata/t1zi4.fd)
(/usr/local/texlive/2016/texmf-dist/tex/latex/psnfss/ts1ptm.fd)
(/usr/local/texlive/2016/texmf-dist/tex/latex/psnfss/t1phv.fd)
(/private/var/folders/kp/ddqt86px3y14x_p0n0nrmdw00000gn/T/RtmpheTWP7/Rd2pdf1f82
7dee99fb/Rd2.toc [1{/usr/local/texlive/2016/texmf-var/fonts/map/pdftex/updmap/p
dftex.map}]) (/usr/local/texlive/2016/texmf-dist/tex/latex/base/utf8.def)
[2] (/usr/local/texlive/2016/texmf-dist/tex/latex/base/utf8.def) [3]
(/usr/local/texlive/2016/texmf-dist/tex/latex/base/utf8.def) [4]
(/usr/local/texlive/2016/texmf-dist/tex/latex/base/utf8.def) [5]
(/usr/local/texlive/2016/texmf-dist/tex/latex/base/utf8.def)
(/usr/local/texlive/2016/texmf-dist/tex/latex/base/utf8.def) [6]
(/usr/local/texlive/2016/texmf-dist/tex/latex/base/utf8.def) [7]
(/usr/local/texlive/2016/texmf-dist/tex/latex/base/utf8.def) [8]
(/usr/local/texlive/2016/texmf-dist/tex/latex/base/utf8.def) [9]
(/usr/local/texlive/2016/texmf-dist/tex/latex/base/utf8.def)
(/usr/local/texlive/2016/texmf-dist/tex/latex/base/utf8.def) [10]
(/usr/local/texlive/2016/texmf-dist/tex/latex/base/utf8.def) [11]
(/usr/local/texlive/2016/texmf-dist/tex/latex/base/utf8.def) [12]
(/usr/local/texlive/2016/texmf-dist/tex/latex/base/utf8.def) [13]
(/usr/local/texlive/2016/texmf-dist/tex/latex/base/utf8.def)
Overfull \hbox (15.32799pt too wide) in paragraph at lines 785--787
[]\T1/ptm/m/n/10 (vector num-ber of genes) Gene-wise neg-a-tive bi-no-mial dis-
per-sion hyper-parameters. 

Overfull \hbox (16.35667pt too wide) in paragraph at lines 834--836
[]\T1/ptm/m/n/10 scaDispParam (scalar) Dis-per-sion pa-ram-e-ter es-ti-mate use
d in fit-ting (hyper-parameter). 
[14]
Overfull \hbox (16.35667pt too wide) in paragraph at lines 852--854
[]\T1/ptm/m/n/10 scaDispParam (scalar) Dis-per-sion pa-ram-e-ter es-ti-mate use
d in fit-ting (hyper-parameter). 
(/usr/local/texlive/2016/texmf-dist/tex/latex/base/utf8.def) [15] [16]
(/usr/local/texlive/2016/texmf-dist/tex/latex/base/utf8.def) [17]
(/usr/local/texlive/2016/texmf-dist/tex/latex/base/utf8.def) [18]
(/usr/local/texlive/2016/texmf-dist/tex/latex/base/utf8.def) [19]
Overfull \hbox (16.35667pt too wide) in paragraph at lines 1305--1307
[]\T1/ptm/m/n/10 scaDispParam (scalar) Dis-per-sion pa-ram-e-ter es-ti-mate use
d in fit-ting (hyper-parameter). 

Overfull \hbox (16.35667pt too wide) in paragraph at lines 1323--1325
[]\T1/ptm/m/n/10 scaDispParam (scalar) Dis-per-sion pa-ram-e-ter es-ti-mate use
d in fit-ting (hyper-parameter). 
[20] (/usr/local/texlive/2016/texmf-dist/tex/latex/base/utf8.def) [21]
(/usr/local/texlive/2016/texmf-dist/tex/latex/base/utf8.def) [22]
(/usr/local/texlive/2016/texmf-dist/tex/latex/base/utf8.def) [23] [24]
Overfull \hbox (16.35667pt too wide) in paragraph at lines 1656--1658
[]\T1/ptm/m/n/10 scaDispParam (scalar) Dis-per-sion pa-ram-e-ter es-ti-mate use
d in fit-ting (hyper-parameter). 
[25] (/usr/local/texlive/2016/texmf-dist/tex/latex/inconsolata/ts1zi4.fd)
(/usr/local/texlive/2016/texmf-dist/tex/latex/base/utf8.def) [26]
(/usr/local/texlive/2016/texmf-dist/tex/latex/base/utf8.def) [27]
(/usr/local/texlive/2016/texmf-dist/tex/latex/base/utf8.def) [28] [29]
Overfull \hbox (4.6169pt too wide) in paragraph at lines 2029--2031
[]\T1/ptm/m/n/10 scaLL (scalar) Log-like-li-hood of data un-der max-i-mum like-
li-hood es-ti-ma-tor model. 

Overfull \hbox (4.6169pt too wide) in paragraph at lines 2047--2049
[]\T1/ptm/m/n/10 scaLL (scalar) Log-like-li-hood of data un-der max-i-mum like-
li-hood es-ti-ma-tor model. 

Overfull \hbox (4.6169pt too wide) in paragraph at lines 2069--2071
[]\T1/ptm/m/n/10 scaLL (scalar) Log-like-li-hood of data un-der max-i-mum like-
li-hood es-ti-ma-tor model. 
[30]
Overfull \hbox (0.34769pt too wide) in paragraph at lines 2098--2101
[]\T1/ptm/m/n/10 (numeric vec-tor num-ber of sam-ples) Model scal-ing fac-tors 
for each sam-ple which

Overfull \hbox (1.74745pt too wide) in paragraph at lines 2102--2105
[]\T1/ptm/m/n/10 (bool) Whether to per-form case-control anal-y-sis. Does case-
only anal-y-sis if FALSE. 
(/usr/local/texlive/2016/texmf-dist/tex/latex/base/utf8.def)
Overfull \hbox (19.34648pt too wide) in paragraph at lines 2134--2137
[]\T1/ptm/m/n/10 Allow us-age of Im-pulseDE2 ouput ob-ject like a list with re-
spect to the core out-put: dfIm-pulseDE2Results
[31] (/usr/local/texlive/2016/texmf-dist/tex/latex/base/utf8.def) [32] [33]
(/usr/local/texlive/2016/texmf-dist/tex/latex/base/utf8.def)
Overfull \hbox (9.63728pt too wide) in paragraph at lines 2323--2325
[]\T1/ptm/m/n/10 (instance of class Im-pulseDE2Object) Im-pulseDE2 out-put ob-j
ect to cre-ate heatmap

Overfull \hbox (9.83716pt too wide) in paragraph at lines 2334--2337
[]\T1/ptm/m/n/10 (scalar) FDR-corrected p-value thresh-old for call-ing dif-fer
-en-tially ex-pressed genes:
[34] (/usr/local/texlive/2016/texmf-dist/tex/latex/base/utf8.def) [35]
(/usr/local/texlive/2016/texmf-dist/tex/latex/base/utf8.def) [36] [37]
(/usr/local/texlive/2016/texmf-dist/tex/latex/base/utf8.def) [38]
(/usr/local/texlive/2016/texmf-dist/tex/latex/base/utf8.def) [39] [40] [41]
(/usr/local/texlive/2016/texmf-dist/tex/latex/base/utf8.def) [42] [43]
(/usr/local/texlive/2016/texmf-dist/tex/latex/base/utf8.def) [44] [45] [46]
(/usr/local/texlive/2016/texmf-dist/tex/latex/base/utf8.def)
(/private/var/folders/kp/ddqt86px3y14x_p0n0nrmdw00000gn/T/RtmpheTWP7/Rd2pdf1f82
7dee99fb/Rd2.ind [47] [48]

LaTeX Font Warning: Font shape `T1/zi4/m/it' undefined
(Font)              using `T1/zi4/m/n' instead on input line 3.


Overfull \hbox (30.8567pt too wide) in paragraph at lines 3--5
[]\T1/zi4/m/n/10 [[,ImpulseDE2Object,character,missing-method 

Overfull \hbox (10.8567pt too wide) in paragraph at lines 78--80
[]\T1/zi4/m/it/10 get_boolCaseCtrl,ImpulseDE2Object-method 

Overfull \hbox (30.8567pt too wide) in paragraph at lines 82--84
[]\T1/zi4/m/it/10 get_dfAnnotationProc,ImpulseDE2Object-method 

Overfull \hbox (5.8567pt too wide) in paragraph at lines 86--88
[]\T1/zi4/m/it/10 get_lsModelFits,ImpulseDE2Object-method 

Overfull \hbox (30.8567pt too wide) in paragraph at lines 90--92
[]\T1/zi4/m/it/10 get_matCountDataProc,ImpulseDE2Object-method 

Overfull \hbox (20.8567pt too wide) in paragraph at lines 106--108
[]\T1/zi4/m/it/10 get_vecConfounders,ImpulseDE2Object-method 

Overfull \hbox (20.8567pt too wide) in paragraph at lines 110--112
[]\T1/zi4/m/it/10 get_vecDispersions,ImpulseDE2Object-method 

Overfull \hbox (20.8567pt too wide) in paragraph at lines 114--116
[]\T1/zi4/m/it/10 get_vecSizeFactors,ImpulseDE2Object-method 
[49] [50])
(/private/var/folders/kp/ddqt86px3y14x_p0n0nrmdw00000gn/T/RtmpheTWP7/Rd2pdf1f82
7dee99fb/Rd2.aux)

LaTeX Font Warning: Some font shapes were not available, defaults substituted.

 )
(see the transcript file for additional information)pdfTeX warning (dest): name
{Rfn.dnbinom} has been referenced but does not exist, replaced by a fixed one

pdfTeX warning (dest): name{Rfn.optim} has been referenced but does not exist, 
replaced by a fixed one

{/usr/local/texlive/2016/texmf-dist/fonts/enc/dvips/inconsolata/i4-ts1.enc}{/us
r/local/texlive/2016/texmf-dist/fonts/enc/dvips/base/8r.enc}{/usr/local/texlive
/2016/texmf-dist/fonts/enc/dvips/inconsolata/i4-t1-0.enc}</usr/local/texlive/20
16/texmf-dist/fonts/type1/public/inconsolata/Inconsolata-zi4r.pfb></usr/local/t
exlive/2016/texmf-dist/fonts/type1/urw/helvetic/uhvr8a.pfb></usr/local/texlive/
2016/texmf-dist/fonts/type1/urw/times/utmb8a.pfb></usr/local/texlive/2016/texmf
-dist/fonts/type1/urw/times/utmr8a.pfb></usr/local/texlive/2016/texmf-dist/font
s/type1/urw/times/utmr8a.pfb></usr/local/texlive/2016/texmf-dist/fonts/type1/ur
w/times/utmri8a.pfb>
Output written on Rd2.pdf (50 pages, 188479 bytes).
Transcript written on Rd2.log.
Saving output to 'ImpulseDE2-manual.pdf' ...
Done
You may want to clean up by 'rm -rf /var/folders/kp/ddqt86px3y14x_p0n0nrmdw00000gn/T//RtmpheTWP7/Rd2pdf1f827dee99fb'
